<?xml version="1.0" encoding="utf-8"?><testsuites name="pytest tests"><testsuite name="pytest" errors="0" failures="0" skipped="0" tests="29" time="2.137" timestamp="2026-06-02T13:41:06.330268+00:00" hostname="agent-env-9a96705d-d282-4cba-90f7-9908c02938ee"><testcase classname="apps.backend.tests.test_phase_c.TestHealth" name="test_healthz_ok" time="0.005" /><testcase classname="apps.backend.tests.test_phase_c.TestAuthLogin" name="test_login_admin" time="0.113" /><testcase classname="apps.backend.tests.test_phase_c.TestAuthLogin" name="test_login_buyer" time="0.081" /><testcase classname="apps.backend.tests.test_phase_c.TestAuthLogin" name="test_login_supplier" time="0.080" /><testcase classname="apps.backend.tests.test_phase_c.TestAuthLogin" name="test_invalid_password" time="0.080" /><testcase classname="apps.backend.tests.test_phase_c.TestAuthLogin" name="test_unknown_email_no_enumeration" time="0.003" /><testcase classname="apps.backend.tests.test_phase_c.TestAuthLogin" name="test_login_zod_validation" time="0.002" /><testcase classname="apps.backend.tests.test_phase_c.TestAuthMe" name="test_me_without_token_401" time="0.002" /><testcase classname="apps.backend.tests.test_phase_c.TestAuthMe" name="test_me_admin" time="0.089" /><testcase classname="apps.backend.tests.test_phase_c.TestAuthMe" name="test_me_buyer" time="0.092" /><testcase classname="apps.backend.tests.test_phase_c.TestAuthMe" name="test_me_supplier" time="0.095" /><testcase classname="apps.backend.tests.test_phase_c.TestAuthRefreshRotation" name="test_refresh_rotates_and_reuse_is_revoked" time="0.093" /><testcase classname="apps.backend.tests.test_phase_c.TestAuthRefreshRotation" name="test_logout_clears_refresh" time="0.087" /><testcase classname="apps.backend.tests.test_phase_c.TestForgotPassword" name="test_known_email" time="0.004" /><testcase classname="apps.backend.tests.test_phase_c.TestForgotPassword" name="test_unknown_email_same_response" time="0.002" /><testcase classname="apps.backend.tests.test_phase_c.TestBruteForce" name="test_lockout_after_5_failures" time="0.396" /><testcase classname="apps.backend.tests.test_phase_c.TestRBAC" name="test_protected_route_without_auth" time="0.002" /><testcase classname="apps.backend.tests.test_phase_c.TestRBAC" name="test_role_field_present_for_three_roles" time="0.007" /><testcase classname="apps.backend.tests.test_phase_c.TestRBAC" name="test_require_role_source_present" time="0.000" /><testcase classname="apps.backend.tests.test_phase_c.TestNotifications" name="test_list_as_buyer" time="0.014" /><testcase classname="apps.backend.tests.test_phase_c.TestNotifications" name="test_pagination" time="0.007" /><testcase classname="apps.backend.tests.test_phase_c.TestNotifications" name="test_mark_read_and_idempotent" time="0.010" /><testcase classname="apps.backend.tests.test_phase_c.TestNotifications" name="test_cross_user_isolation" time="0.005" /><testcase classname="apps.backend.tests.test_phase_c.TestNotifications" name="test_unread_filter" time="0.003" /><testcase classname="apps.backend.tests.test_phase_c.TestNotifications" name="test_read_all_then_unread_zero" time="0.178" /><testcase classname="apps.backend.tests.test_phase_c.TestSocket" name="test_connect_without_token_rejected" time="0.188" /><testcase classname="apps.backend.tests.test_phase_c.TestSocket" name="test_connect_with_invalid_token_rejected" time="0.002" /><testcase classname="apps.backend.tests.test_phase_c.TestSocket" name="test_connect_with_valid_token" time="0.387" /><testcase classname="apps.backend.tests.test_phase_c.TestSocket" name="test_socket_events_contract_present" time="0.000" /></testsuite></testsuites>