<?xml version="1.0" encoding="utf-8"?><testsuites name="pytest tests"><testsuite name="pytest" errors="0" failures="0" skipped="0" tests="21" time="5.909" timestamp="2026-06-01T14:17:27.126096+00:00" hostname="agent-env-9a96705d-d282-4cba-90f7-9908c02938ee"><testcase classname="backend.tests.test_sprint1_api.TestHealth" name="test_health_ok" time="0.309" /><testcase classname="backend.tests.test_sprint1_api.TestLogin" name="test_login_each_seeded_account[creds0-buyer]" time="0.278" /><testcase classname="backend.tests.test_sprint1_api.TestLogin" name="test_login_each_seeded_account[creds1-supplier]" time="0.274" /><testcase classname="backend.tests.test_sprint1_api.TestLogin" name="test_login_each_seeded_account[creds2-admin]" time="0.274" /><testcase classname="backend.tests.test_sprint1_api.TestLogin" name="test_login_wrong_password" time="0.274" /><testcase classname="backend.tests.test_sprint1_api.TestLogin" name="test_login_unknown_user" time="0.053" /><testcase classname="backend.tests.test_sprint1_api.TestMeLogout" name="test_me_with_token" time="0.333" /><testcase classname="backend.tests.test_sprint1_api.TestMeLogout" name="test_me_without_token" time="0.141" /><testcase classname="backend.tests.test_sprint1_api.TestMeLogout" name="test_logout_requires_auth" time="0.116" /><testcase classname="backend.tests.test_sprint1_api.TestMeLogout" name="test_logout_ok" time="0.326" /><testcase classname="backend.tests.test_sprint1_api.TestRefresh" name="test_refresh_returns_new_access" time="0.374" /><testcase classname="backend.tests.test_sprint1_api.TestRefresh" name="test_access_token_rejected_as_refresh" time="0.319" /><testcase classname="backend.tests.test_sprint1_api.TestForgotReset" name="test_forgot_unknown_returns_null_token" time="0.053" /><testcase classname="backend.tests.test_sprint1_api.TestForgotReset" name="test_forgot_and_reset_flow_then_restore" time="1.292" /><testcase classname="backend.tests.test_sprint1_api.TestNotifications" name="test_buyer_sees_buyer_notifs" time="0.327" /><testcase classname="backend.tests.test_sprint1_api.TestNotifications" name="test_supplier_sees_supplier_notifs" time="0.332" /><testcase classname="backend.tests.test_sprint1_api.TestNotifications" name="test_admin_sees_admin_notifs" time="0.321" /><testcase classname="backend.tests.test_sprint1_api.TestNotifications" name="test_mark_one_read" time="0.153" /><testcase classname="backend.tests.test_sprint1_api.TestNotifications" name="test_mark_one_read_404" time="0.048" /><testcase classname="backend.tests.test_sprint1_api.TestNotifications" name="test_mark_all_read" time="0.100" /><testcase classname="backend.tests.test_sprint1_api.TestNotifications" name="test_notifications_requires_auth" time="0.123" /></testsuite></testsuites>